jetpack/build/intermediates/manifest_merge_blame_file/release/manifest-merger-blame-release-report.txt
1<?xml version="1.0" encoding="utf-8"?>
2<manifest xmlns:android="http://schemas.android.com/apk/res/android"
3    package="com.example.jetpack" >
4
5    <uses-sdk
6        android:minSdkVersion="16"
6-->src/main/AndroidManifest.xml
7        android:targetSdkVersion="30" />
7-->src/main/AndroidManifest.xml
8
9    <application>
9-->src/main/AndroidManifest.xml:5:5-7:19
10        <activity android:name="com.example.jetpack.MainActivity" />
10-->src/main/AndroidManifest.xml:6:9-59
10-->src/main/AndroidManifest.xml:6:19-47
11    </application>
12
13</manifest>